<?xml version="1.0" encoding="UTF-8"?>
<!-- Generated by org.testng.reporters.JUnitXMLReporter -->
<testsuite hostname="symantec-8d0cbf" name="Test" tests="1" failures="1" timestamp="9 Mar 2016 10:32:40 GMT" time="22.109" errors="0">
  <testcase name="testTitle" time="2.547" classname="com.sample.SampleTest">
    <failure type="java.lang.AssertionError" message="The Title of the FirstPage is not correct expected [Google] but found [goog]">
      <![CDATA[java.lang.AssertionError: The Title of the FirstPage is not correct expected [Google] but found [goog]
	at com.sample.SampleTest.testTitle(SampleTest.java:31)
... Removed 28 stack frames]]>
    </failure>
  </testcase> <!-- testTitle -->
</testsuite> <!-- Test -->
