<?xml version="1.0" encoding="UTF-8" ?>
<testsuite tests="1" failures="1" name="TestSuite" time="71" errors="0" skipped="0">
  <properties>
[...]
</properties>
  <testcase classname="com.sample.SampleTest" name="testTitle" time="2.094">
    <failure message="The Title of the FirstPage is not correct expected [Google] but found [goog]" type="java.lang.AssertionError">java.lang.AssertionError: The Title of the FirstPage is not correct expected [Google] but found [goog]
	at org.testng.Assert.fail(Assert.java:94)
	at org.testng.Assert.failNotEquals(Assert.java:496)
	at org.testng.Assert.assertEquals(Assert.java:125)
	at org.testng.Assert.assertEquals(Assert.java:178)
	at com.sample.SampleTest.testTitle(SampleTest.java:27)
</failure>
  </testcase>
</testsuite>